<?xml version="1.0" encoding="UTF-8"?>
<testsuites name="VimeoQA" time="50.746" tests="3" failures="1" errors="0">
   <testsuite name="VimeoQA" tests="3" failures="1" errors="0" time="50.746" skipped="0" timestamp="2021-10-13 21:21:29" hostname="Rony - 10.100.102.19" id="Test Suites/UserTestSuite/VimeoQA">
      <properties>
         <property name="deviceName" value=""/>
         <property name="devicePlatform" value=""/>
         <property name="logFolder" value="C:\\Users\\Rony\\Desktop\\AnnView\\VimeoQA\\Reports\\20211013_212123\\UserTestSuite\\VimeoQA\\20211013_212123"/>
         <property name="logFiles" value="C:\\Users\\Rony\\Desktop\\AnnView\\VimeoQA\\Reports\\20211013_212123\\UserTestSuite\\VimeoQA\\20211013_212123\\execution0.log"/>
         <property name="attachments" value="C:\\Users\\Rony\\Desktop\\AnnView\\VimeoQA\\Reports\\20211013_212123\\UserTestSuite\\VimeoQA\\20211013_212123\\1634149325743.png, C:\\Users\\Rony\\Desktop\\AnnView\\VimeoQA\\Reports\\20211013_212123\\UserTestSuite\\VimeoQA\\20211013_212123\\1634149326054.png"/>
         <property name="hostName" value="Rony - 10.100.102.19"/>
         <property name="os" value="Windows 10 64bit"/>
         <property name="katalonVersion" value="8.1.0.208"/>
         <property name="browser" value="Chrome 94.0.4606.81"/>
         <property name="hostAddress" value="10.100.102.19"/>
         <property name="sessionId" value="d5bce554627205dfa3a653bcd7403319"/>
         <property name="seleniumVersion" value="3.141.59"/>
         <property name="proxyInformation" value="ProxyInformation { proxyOption=NO_PROXY, proxyServerType=HTTP, username=, password=********, proxyServerAddress=, proxyServerPort=0, executionList=&quot;&quot;, isApplyToDesiredCapabilities=true }"/>
         <property name="platform" value="Windows 10"/>
      </properties>
      <testcase name="Test Cases/User/UserActions" time="7.179" classname="Test Cases/User/UserActions" status="PASSED">
         <system-out><![CDATA[2021-10-13 21:21:30 - [TEST_CASE][PASSED] - Test Cases/User/UserActions: Test Cases/User/UserActions

2021-10-13 21:21:32 - [TEST_STEP][PASSED] - response = sendRequest(findTestObject("UserAPI/vimeoComment")): Send request successfully

2021-10-13 21:21:37 - [MESSAGE][INFO] - HAR: C:\Users\Rony\Desktop\AnnView\VimeoQA\Reports\20211013_212123\UserTestSuite\VimeoQA\20211013_212123\requests\main\0.har

2021-10-13 21:21:37 - [MESSAGE][PASSED] - Send request successfully

2021-10-13 21:21:37 - [TEST_STEP][PASSED] - verifyResponseStatusCode(response, 201): Verify response status code successfully

2021-10-13 21:21:37 - [MESSAGE][PASSED] - Verify response status code successfully

2021-10-13 21:21:37 - [TEST_STEP][PASSED] - body = response.getResponseBodyContent(): null

2021-10-13 21:21:37 - [TEST_STEP][PASSED] - println(body): null

2021-10-13 21:21:37 - [TEST_STEP][PASSED] - parser = new groovy.json.JsonSlurper(): null

2021-10-13 21:21:37 - [TEST_STEP][PASSED] - responseAfterParsing = parser.parseText(body): null

2021-10-13 21:21:37 - [TEST_STEP][PASSED] - link = link: null

2021-10-13 21:21:37 - [TEST_STEP][PASSED] - values = link.split("#"): null

2021-10-13 21:21:37 - [TEST_STEP][PASSED] - comment_id = values[1]: null

2021-10-13 21:21:37 - [TEST_STEP][PASSED] - comment_text = text: null]]></system-out>
         <system-err><![CDATA[]]></system-err>
      </testcase>
      <testcase name="Test Cases/commentCheck/commentVerify" time="29.97" classname="Test Cases/commentCheck/commentVerify" status="FAILED">
         <failure type="FAILED" message="Test Cases/commentCheck/commentVerify FAILED.
Reason:
com.kms.katalon.core.exception.StepFailedException: Unable to verify object 'Object Repository/Random Captures/Page_Chuj Boys of Summer on Vimeo/div_Open in app_vp-nudge-shade vp-nudge-shade-left vp-nudge-shade-invisible' is present
	at com.kms.katalon.core.webui.keyword.internal.WebUIKeywordMain.stepFailed(WebUIKeywordMain.groovy:64)
	at com.kms.katalon.core.webui.keyword.internal.WebUIKeywordMain.runKeyword(WebUIKeywordMain.groovy:26)
	at com.kms.katalon.core.webui.keyword.builtin.VerifyElementPresentKeyword.verifyElementPresent(VerifyElementPresentKeyword.groovy:92)
	at com.kms.katalon.core.webui.keyword.builtin.VerifyElementPresentKeyword.execute(VerifyElementPresentKeyword.groovy:68)
	at com.kms.katalon.core.keyword.internal.KeywordExecutor.executeKeywordForPlatform(KeywordExecutor.groovy:74)
	at com.kms.katalon.core.webui.keyword.WebUiBuiltInKeywords.verifyElementPresent(WebUiBuiltInKeywords.groovy:1464)
	at com.kms.katalon.core.webui.keyword.WebUiBuiltInKeywords$verifyElementPresent$1.call(Unknown Source)
	at commentVerify.run(commentVerify:50)
	at com.kms.katalon.core.main.ScriptEngine.run(ScriptEngine.java:194)
	at com.kms.katalon.core.main.ScriptEngine.runScriptAsRawText(ScriptEngine.java:119)
	at com.kms.katalon.core.main.TestCaseExecutor.runScript(TestCaseExecutor.java:430)
	at com.kms.katalon.core.main.TestCaseExecutor.doExecute(TestCaseExecutor.java:421)
	at com.kms.katalon.core.main.TestCaseExecutor.processExecutionPhase(TestCaseExecutor.java:400)
	at com.kms.katalon.core.main.TestCaseExecutor.accessMainPhase(TestCaseExecutor.java:392)
	at com.kms.katalon.core.main.TestCaseExecutor.execute(TestCaseExecutor.java:273)
	at com.kms.katalon.core.main.TestSuiteExecutor.accessTestCaseMainPhase(TestSuiteExecutor.java:202)
	at com.kms.katalon.core.main.TestSuiteExecutor.accessTestSuiteMainPhase(TestSuiteExecutor.java:164)
	at com.kms.katalon.core.main.TestSuiteExecutor.execute(TestSuiteExecutor.java:105)
	at com.kms.katalon.core.main.TestCaseMain.startTestSuite(TestCaseMain.java:185)
	at com.kms.katalon.core.main.TestCaseMain$startTestSuite$0.call(Unknown Source)
	at TempTestSuite1634149283858.run(TempTestSuite1634149283858.groovy:36)
Caused by: com.kms.katalon.core.exception.StepFailedException: com.kms.katalon.core.webui.exception.WebElementNotFoundException: Web element with id: 'Object Repository/Random Captures/Page_Chuj Boys of Summer on Vimeo/div_Open in app_vp-nudge-shade vp-nudge-shade-left vp-nudge-shade-invisible' located by '//div[@id='553596679']/div/div[4]' not found
	at com.kms.katalon.core.webui.keyword.internal.WebUIKeywordMain.stepFailed(WebUIKeywordMain.groovy:64)
	at com.kms.katalon.core.webui.keyword.builtin.VerifyElementPresentKeyword$_verifyElementPresent_closure1.doCall(VerifyElementPresentKeyword.groovy:85)
	at com.kms.katalon.core.webui.keyword.builtin.VerifyElementPresentKeyword$_verifyElementPresent_closure1.call(VerifyElementPresentKeyword.groovy)
	at com.kms.katalon.core.webui.keyword.internal.WebUIKeywordMain.runKeyword(WebUIKeywordMain.groovy:20)
	... 19 more
"/>
         <system-out><![CDATA[2021-10-13 21:21:37 - [TEST_CASE][FAILED] - Test Cases/commentCheck/commentVerify: Test Cases/commentCheck/commentVerify FAILED.
Reason:
com.kms.katalon.core.exception.StepFailedException: Unable to verify object 'Object Repository/Random Captures/Page_Chuj Boys of Summer on Vimeo/div_Open in app_vp-nudge-shade vp-nudge-shade-left vp-nudge-shade-invisible' is present
	at com.kms.katalon.core.webui.keyword.internal.WebUIKeywordMain.stepFailed(WebUIKeywordMain.groovy:64)
	at com.kms.katalon.core.webui.keyword.internal.WebUIKeywordMain.runKeyword(WebUIKeywordMain.groovy:26)
	at com.kms.katalon.core.webui.keyword.builtin.VerifyElementPresentKeyword.verifyElementPresent(VerifyElementPresentKeyword.groovy:92)
	at com.kms.katalon.core.webui.keyword.builtin.VerifyElementPresentKeyword.execute(VerifyElementPresentKeyword.groovy:68)
	at com.kms.katalon.core.keyword.internal.KeywordExecutor.executeKeywordForPlatform(KeywordExecutor.groovy:74)
	at com.kms.katalon.core.webui.keyword.WebUiBuiltInKeywords.verifyElementPresent(WebUiBuiltInKeywords.groovy:1464)
	at com.kms.katalon.core.webui.keyword.WebUiBuiltInKeywords$verifyElementPresent$1.call(Unknown Source)
	at commentVerify.run(commentVerify:50)
	at com.kms.katalon.core.main.ScriptEngine.run(ScriptEngine.java:194)
	at com.kms.katalon.core.main.ScriptEngine.runScriptAsRawText(ScriptEngine.java:119)
	at com.kms.katalon.core.main.TestCaseExecutor.runScript(TestCaseExecutor.java:430)
	at com.kms.katalon.core.main.TestCaseExecutor.doExecute(TestCaseExecutor.java:421)
	at com.kms.katalon.core.main.TestCaseExecutor.processExecutionPhase(TestCaseExecutor.java:400)
	at com.kms.katalon.core.main.TestCaseExecutor.accessMainPhase(TestCaseExecutor.java:392)
	at com.kms.katalon.core.main.TestCaseExecutor.execute(TestCaseExecutor.java:273)
	at com.kms.katalon.core.main.TestSuiteExecutor.accessTestCaseMainPhase(TestSuiteExecutor.java:202)
	at com.kms.katalon.core.main.TestSuiteExecutor.accessTestSuiteMainPhase(TestSuiteExecutor.java:164)
	at com.kms.katalon.core.main.TestSuiteExecutor.execute(TestSuiteExecutor.java:105)
	at com.kms.katalon.core.main.TestCaseMain.startTestSuite(TestCaseMain.java:185)
	at com.kms.katalon.core.main.TestCaseMain$startTestSuite$0.call(Unknown Source)
	at TempTestSuite1634149283858.run(TempTestSuite1634149283858.groovy:36)
Caused by: com.kms.katalon.core.exception.StepFailedException: com.kms.katalon.core.webui.exception.WebElementNotFoundException: Web element with id: 'Object Repository/Random Captures/Page_Chuj Boys of Summer on Vimeo/div_Open in app_vp-nudge-shade vp-nudge-shade-left vp-nudge-shade-invisible' located by '//div[@id='553596679']/div/div[4]' not found
	at com.kms.katalon.core.webui.keyword.internal.WebUIKeywordMain.stepFailed(WebUIKeywordMain.groovy:64)
	at com.kms.katalon.core.webui.keyword.builtin.VerifyElementPresentKeyword$_verifyElementPresent_closure1.doCall(VerifyElementPresentKeyword.groovy:85)
	at com.kms.katalon.core.webui.keyword.builtin.VerifyElementPresentKeyword$_verifyElementPresent_closure1.call(VerifyElementPresentKeyword.groovy)
	at com.kms.katalon.core.webui.keyword.internal.WebUIKeywordMain.runKeyword(WebUIKeywordMain.groovy:20)
	... 19 more


2021-10-13 21:21:39 - [TEST_STEP][PASSED] - openBrowser(""): Browser is opened with url: ''

2021-10-13 21:21:39 - [MESSAGE][INFO] - Starting 'Chrome' driver

2021-10-13 21:21:39 - [MESSAGE][INFO] - Action delay is set to 0 milliseconds

2021-10-13 21:21:42 - [MESSAGE][PASSED] - Browser is opened with url: ''

2021-10-13 21:21:42 - [TEST_STEP][PASSED] - navigateToUrl("https://vimeo.com/"): Navigate to 'https://vimeo.com/' successfully

2021-10-13 21:21:43 - [MESSAGE][PASSED] - Navigate to 'https://vimeo.com/' successfully

2021-10-13 21:21:43 - [TEST_STEP][PASSED] - verifyElementPresent(findTestObject("Random Captures/Page_Vimeo  The worlds only all-in-one video solution/h1_Unlock thepower of video"), 2): Object 'Object Repository/Random Captures/Page_Vimeo  The worlds only all-in-one video solution/h1_Unlock thepower of video' is present

2021-10-13 21:21:44 - [MESSAGE][PASSED] - Object 'Object Repository/Random Captures/Page_Vimeo  The worlds only all-in-one video solution/h1_Unlock thepower of video' is present

2021-10-13 21:21:44 - [TEST_STEP][PASSED] - click(findTestObject("Object Repository/log in objects/Page_Vimeo  The worlds only all-in-one vide_2822c6/a_Log in")): Object: 'Object Repository/log in objects/Page_Vimeo  The worlds only all-in-one vide_2822c6/a_Log in' is clicked on

2021-10-13 21:21:46 - [MESSAGE][PASSED] - Object: 'Object Repository/log in objects/Page_Vimeo  The worlds only all-in-one vide_2822c6/a_Log in' is clicked on

2021-10-13 21:21:46 - [TEST_STEP][PASSED] - verifyElementPresent(findTestObject("Random Captures/Page_Vimeo  The worlds only all-in-one video solution/span_Log in to Vimeo"), 2): Object 'Object Repository/Random Captures/Page_Vimeo  The worlds only all-in-one video solution/span_Log in to Vimeo' is present

2021-10-13 21:21:46 - [MESSAGE][PASSED] - Object 'Object Repository/Random Captures/Page_Vimeo  The worlds only all-in-one video solution/span_Log in to Vimeo' is present

2021-10-13 21:21:46 - [TEST_STEP][PASSED] - setText(findTestObject("Object Repository/log in objects/Page_Vimeo  The worlds only all-in-one vide_2822c6/input_Log in to Vimeo_email"), "ronyland@post.bgu.ac.il"): Text 'ronyland@post.bgu.ac.il' is set on object 'Object Repository/log in objects/Page_Vimeo  The worlds only all-in-one vide_2822c6/input_Log in to Vimeo_email'

2021-10-13 21:21:47 - [MESSAGE][PASSED] - Text 'ronyland@post.bgu.ac.il' is set on object 'Object Repository/log in objects/Page_Vimeo  The worlds only all-in-one vide_2822c6/input_Log in to Vimeo_email'

2021-10-13 21:21:47 - [TEST_STEP][PASSED] - setEncryptedText(findTestObject("Object Repository/log in objects/Page_Vimeo  The worlds only all-in-one vide_2822c6/input_Log in to Vimeo_password"), "3JtwHyzuAJdJUxaSbWvCLQ=="): Text ****** has been set on object 'Object Repository/log in objects/Page_Vimeo  The worlds only all-in-one vide_2822c6/input_Log in to Vimeo_password'

2021-10-13 21:21:48 - [MESSAGE][PASSED] - Text ****** has been set on object 'Object Repository/log in objects/Page_Vimeo  The worlds only all-in-one vide_2822c6/input_Log in to Vimeo_password'

2021-10-13 21:21:48 - [TEST_STEP][PASSED] - click(findTestObject("Object Repository/log in objects/Page_Vimeo  The worlds only all-in-one vide_2822c6/input_A security code has been sent to your_7a5454")): Object: 'Object Repository/log in objects/Page_Vimeo  The worlds only all-in-one vide_2822c6/input_A security code has been sent to your_7a5454' is clicked on

2021-10-13 21:21:48 - [MESSAGE][PASSED] - Object: 'Object Repository/log in objects/Page_Vimeo  The worlds only all-in-one vide_2822c6/input_A security code has been sent to your_7a5454' is clicked on

2021-10-13 21:21:48 - [TEST_STEP][PASSED] - verifyElementPresent(findTestObject("Random Captures/Page_Videos on Vimeo/div_Eli Cohen"), 2): Object 'Object Repository/Random Captures/Page_Videos on Vimeo/div_Eli Cohen' is present

2021-10-13 21:21:54 - [MESSAGE][PASSED] - Object 'Object Repository/Random Captures/Page_Videos on Vimeo/div_Eli Cohen' is present

2021-10-13 21:21:54 - [TEST_STEP][PASSED] - delay(5): Delayed 5 second(s)

2021-10-13 21:21:59 - [MESSAGE][PASSED] - Delayed 5 second(s)

2021-10-13 21:21:59 - [TEST_STEP][PASSED] - navigateToUrl("https://vimeo.com/" + video_id): Navigate to 'https://vimeo.com/304156637' successfully

2021-10-13 21:22:02 - [MESSAGE][PASSED] - Navigate to 'https://vimeo.com/304156637' successfully

2021-10-13 21:22:02 - [TEST_STEP][FAILED] - verifyElementPresent(findTestObject("Random Captures/Page_Chuj Boys of Summer on Vimeo/div_Open in app_vp-nudge-shade vp-nudge-shade-left vp-nudge-shade-invisible"), 2): Unable to verify object 'Object Repository/Random Captures/Page_Chuj Boys of Summer on Vimeo/div_Open in app_vp-nudge-shade vp-nudge-shade-left vp-nudge-shade-invisible' is present (Root cause: com.kms.katalon.core.exception.StepFailedException: Unable to verify object 'Object Repository/Random Captures/Page_Chuj Boys of Summer on Vimeo/div_Open in app_vp-nudge-shade vp-nudge-shade-left vp-nudge-shade-invisible' is present
	at com.kms.katalon.core.webui.keyword.internal.WebUIKeywordMain.stepFailed(WebUIKeywordMain.groovy:64)
	at com.kms.katalon.core.webui.keyword.internal.WebUIKeywordMain.runKeyword(WebUIKeywordMain.groovy:26)
	at com.kms.katalon.core.webui.keyword.builtin.VerifyElementPresentKeyword.verifyElementPresent(VerifyElementPresentKeyword.groovy:92)
	at com.kms.katalon.core.webui.keyword.builtin.VerifyElementPresentKeyword.execute(VerifyElementPresentKeyword.groovy:68)
	at com.kms.katalon.core.keyword.internal.KeywordExecutor.executeKeywordForPlatform(KeywordExecutor.groovy:74)
	at com.kms.katalon.core.webui.keyword.WebUiBuiltInKeywords.verifyElementPresent(WebUiBuiltInKeywords.groovy:1464)
	at com.kms.katalon.core.webui.keyword.WebUiBuiltInKeywords$verifyElementPresent$1.call(Unknown Source)
	at commentVerify.run(commentVerify:50)
	at com.kms.katalon.core.main.ScriptEngine.run(ScriptEngine.java:194)
	at com.kms.katalon.core.main.ScriptEngine.runScriptAsRawText(ScriptEngine.java:119)
	at com.kms.katalon.core.main.TestCaseExecutor.runScript(TestCaseExecutor.java:430)
	at com.kms.katalon.core.main.TestCaseExecutor.doExecute(TestCaseExecutor.java:421)
	at com.kms.katalon.core.main.TestCaseExecutor.processExecutionPhase(TestCaseExecutor.java:400)
	at com.kms.katalon.core.main.TestCaseExecutor.accessMainPhase(TestCaseExecutor.java:392)
	at com.kms.katalon.core.main.TestCaseExecutor.execute(TestCaseExecutor.java:273)
	at com.kms.katalon.core.main.TestSuiteExecutor.accessTestCaseMainPhase(TestSuiteExecutor.java:202)
	at com.kms.katalon.core.main.TestSuiteExecutor.accessTestSuiteMainPhase(TestSuiteExecutor.java:164)
	at com.kms.katalon.core.main.TestSuiteExecutor.execute(TestSuiteExecutor.java:105)
	at com.kms.katalon.core.main.TestCaseMain.startTestSuite(TestCaseMain.java:185)
	at com.kms.katalon.core.main.TestCaseMain$startTestSuite$0.call(Unknown Source)
	at TempTestSuite1634149283858.run(TempTestSuite1634149283858.groovy:36)
Caused by: com.kms.katalon.core.exception.StepFailedException: com.kms.katalon.core.webui.exception.WebElementNotFoundException: Web element with id: 'Object Repository/Random Captures/Page_Chuj Boys of Summer on Vimeo/div_Open in app_vp-nudge-shade vp-nudge-shade-left vp-nudge-shade-invisible' located by '//div[@id='553596679']/div/div[4]' not found
	at com.kms.katalon.core.webui.keyword.internal.WebUIKeywordMain.stepFailed(WebUIKeywordMain.groovy:64)
	at com.kms.katalon.core.webui.keyword.builtin.VerifyElementPresentKeyword$_verifyElementPresent_closure1.doCall(VerifyElementPresentKeyword.groovy:85)
	at com.kms.katalon.core.webui.keyword.builtin.VerifyElementPresentKeyword$_verifyElementPresent_closure1.call(VerifyElementPresentKeyword.groovy)
	at com.kms.katalon.core.webui.keyword.internal.WebUIKeywordMain.runKeyword(WebUIKeywordMain.groovy:20)
	... 19 more
)

2021-10-13 21:22:05 - [MESSAGE][INFO] - Unable to find the element located by 'By.xpath: //div[@id='553596679']/div/div[4]'. Please recheck the objects properties to make sure the desired element is located. 

2021-10-13 21:22:06 - [MESSAGE][FAILED] - com.kms.katalon.core.webui.exception.WebElementNotFoundException: Web element with id: 'Object Repository/Random Captures/Page_Chuj Boys of Summer on Vimeo/div_Open in app_vp-nudge-shade vp-nudge-shade-left vp-nudge-shade-invisible' located by '//div[@id='553596679']/div/div[4]' not found (Root cause: com.kms.katalon.core.exception.StepFailedException: com.kms.katalon.core.webui.exception.WebElementNotFoundException: Web element with id: 'Object Repository/Random Captures/Page_Chuj Boys of Summer on Vimeo/div_Open in app_vp-nudge-shade vp-nudge-shade-left vp-nudge-shade-invisible' located by '//div[@id='553596679']/div/div[4]' not found
	at com.kms.katalon.core.webui.keyword.internal.WebUIKeywordMain.stepFailed(WebUIKeywordMain.groovy:64)
	at com.kms.katalon.core.webui.keyword.builtin.VerifyElementPresentKeyword$_verifyElementPresent_closure1.doCall(VerifyElementPresentKeyword.groovy:85)
	at com.kms.katalon.core.webui.keyword.builtin.VerifyElementPresentKeyword$_verifyElementPresent_closure1.call(VerifyElementPresentKeyword.groovy)
	at com.kms.katalon.core.webui.keyword.internal.WebUIKeywordMain.runKeyword(WebUIKeywordMain.groovy:20)
	at com.kms.katalon.core.webui.keyword.builtin.VerifyElementPresentKeyword.verifyElementPresent(VerifyElementPresentKeyword.groovy:92)
	at com.kms.katalon.core.webui.keyword.builtin.VerifyElementPresentKeyword.execute(VerifyElementPresentKeyword.groovy:68)
	at com.kms.katalon.core.keyword.internal.KeywordExecutor.executeKeywordForPlatform(KeywordExecutor.groovy:74)
	at com.kms.katalon.core.webui.keyword.WebUiBuiltInKeywords.verifyElementPresent(WebUiBuiltInKeywords.groovy:1464)
	at com.kms.katalon.core.webui.keyword.WebUiBuiltInKeywords$verifyElementPresent$1.call(Unknown Source)
	at commentVerify.run(commentVerify:50)
	at com.kms.katalon.core.main.ScriptEngine.run(ScriptEngine.java:194)
	at com.kms.katalon.core.main.ScriptEngine.runScriptAsRawText(ScriptEngine.java:119)
	at com.kms.katalon.core.main.TestCaseExecutor.runScript(TestCaseExecutor.java:430)
	at com.kms.katalon.core.main.TestCaseExecutor.doExecute(TestCaseExecutor.java:421)
	at com.kms.katalon.core.main.TestCaseExecutor.processExecutionPhase(TestCaseExecutor.java:400)
	at com.kms.katalon.core.main.TestCaseExecutor.accessMainPhase(TestCaseExecutor.java:392)
	at com.kms.katalon.core.main.TestCaseExecutor.execute(TestCaseExecutor.java:273)
	at com.kms.katalon.core.main.TestSuiteExecutor.accessTestCaseMainPhase(TestSuiteExecutor.java:202)
	at com.kms.katalon.core.main.TestSuiteExecutor.accessTestSuiteMainPhase(TestSuiteExecutor.java:164)
	at com.kms.katalon.core.main.TestSuiteExecutor.execute(TestSuiteExecutor.java:105)
	at com.kms.katalon.core.main.TestCaseMain.startTestSuite(TestCaseMain.java:185)
	at com.kms.katalon.core.main.TestCaseMain$startTestSuite$0.call(Unknown Source)
	at TempTestSuite1634149283858.run(TempTestSuite1634149283858.groovy:36)
)
[[ATTACHMENT|C:\\Users\\Rony\\Desktop\\AnnView\\VimeoQA\\Reports\\20211013_212123\\UserTestSuite\\VimeoQA\\20211013_212123\\1634149325743.png]]

2021-10-13 21:22:06 - [MESSAGE][FAILED] - Unable to verify object 'Object Repository/Random Captures/Page_Chuj Boys of Summer on Vimeo/div_Open in app_vp-nudge-shade vp-nudge-shade-left vp-nudge-shade-invisible' is present (Root cause: com.kms.katalon.core.exception.StepFailedException: Unable to verify object 'Object Repository/Random Captures/Page_Chuj Boys of Summer on Vimeo/div_Open in app_vp-nudge-shade vp-nudge-shade-left vp-nudge-shade-invisible' is present
	at com.kms.katalon.core.webui.keyword.internal.WebUIKeywordMain.stepFailed(WebUIKeywordMain.groovy:64)
	at com.kms.katalon.core.webui.keyword.internal.WebUIKeywordMain.runKeyword(WebUIKeywordMain.groovy:26)
	at com.kms.katalon.core.webui.keyword.builtin.VerifyElementPresentKeyword.verifyElementPresent(VerifyElementPresentKeyword.groovy:92)
	at com.kms.katalon.core.webui.keyword.builtin.VerifyElementPresentKeyword.execute(VerifyElementPresentKeyword.groovy:68)
	at com.kms.katalon.core.keyword.internal.KeywordExecutor.executeKeywordForPlatform(KeywordExecutor.groovy:74)
	at com.kms.katalon.core.webui.keyword.WebUiBuiltInKeywords.verifyElementPresent(WebUiBuiltInKeywords.groovy:1464)
	at com.kms.katalon.core.webui.keyword.WebUiBuiltInKeywords$verifyElementPresent$1.call(Unknown Source)
	at commentVerify.run(commentVerify:50)
	at com.kms.katalon.core.main.ScriptEngine.run(ScriptEngine.java:194)
	at com.kms.katalon.core.main.ScriptEngine.runScriptAsRawText(ScriptEngine.java:119)
	at com.kms.katalon.core.main.TestCaseExecutor.runScript(TestCaseExecutor.java:430)
	at com.kms.katalon.core.main.TestCaseExecutor.doExecute(TestCaseExecutor.java:421)
	at com.kms.katalon.core.main.TestCaseExecutor.processExecutionPhase(TestCaseExecutor.java:400)
	at com.kms.katalon.core.main.TestCaseExecutor.accessMainPhase(TestCaseExecutor.java:392)
	at com.kms.katalon.core.main.TestCaseExecutor.execute(TestCaseExecutor.java:273)
	at com.kms.katalon.core.main.TestSuiteExecutor.accessTestCaseMainPhase(TestSuiteExecutor.java:202)
	at com.kms.katalon.core.main.TestSuiteExecutor.accessTestSuiteMainPhase(TestSuiteExecutor.java:164)
	at com.kms.katalon.core.main.TestSuiteExecutor.execute(TestSuiteExecutor.java:105)
	at com.kms.katalon.core.main.TestCaseMain.startTestSuite(TestCaseMain.java:185)
	at com.kms.katalon.core.main.TestCaseMain$startTestSuite$0.call(Unknown Source)
	at TempTestSuite1634149283858.run(TempTestSuite1634149283858.groovy:36)
Caused by: com.kms.katalon.core.exception.StepFailedException: com.kms.katalon.core.webui.exception.WebElementNotFoundException: Web element with id: 'Object Repository/Random Captures/Page_Chuj Boys of Summer on Vimeo/div_Open in app_vp-nudge-shade vp-nudge-shade-left vp-nudge-shade-invisible' located by '//div[@id='553596679']/div/div[4]' not found
	at com.kms.katalon.core.webui.keyword.internal.WebUIKeywordMain.stepFailed(WebUIKeywordMain.groovy:64)
	at com.kms.katalon.core.webui.keyword.builtin.VerifyElementPresentKeyword$_verifyElementPresent_closure1.doCall(VerifyElementPresentKeyword.groovy:85)
	at com.kms.katalon.core.webui.keyword.builtin.VerifyElementPresentKeyword$_verifyElementPresent_closure1.call(VerifyElementPresentKeyword.groovy)
	at com.kms.katalon.core.webui.keyword.internal.WebUIKeywordMain.runKeyword(WebUIKeywordMain.groovy:20)
	... 19 more
)
[[ATTACHMENT|C:\\Users\\Rony\\Desktop\\AnnView\\VimeoQA\\Reports\\20211013_212123\\UserTestSuite\\VimeoQA\\20211013_212123\\1634149326054.png]]]]></system-out>
         <system-err><![CDATA[2021-10-13 21:21:37 - [TEST_CASE][FAILED] - Test Cases/commentCheck/commentVerify: Test Cases/commentCheck/commentVerify FAILED.
Reason:
com.kms.katalon.core.exception.StepFailedException: Unable to verify object 'Object Repository/Random Captures/Page_Chuj Boys of Summer on Vimeo/div_Open in app_vp-nudge-shade vp-nudge-shade-left vp-nudge-shade-invisible' is present
	at com.kms.katalon.core.webui.keyword.internal.WebUIKeywordMain.stepFailed(WebUIKeywordMain.groovy:64)
	at com.kms.katalon.core.webui.keyword.internal.WebUIKeywordMain.runKeyword(WebUIKeywordMain.groovy:26)
	at com.kms.katalon.core.webui.keyword.builtin.VerifyElementPresentKeyword.verifyElementPresent(VerifyElementPresentKeyword.groovy:92)
	at com.kms.katalon.core.webui.keyword.builtin.VerifyElementPresentKeyword.execute(VerifyElementPresentKeyword.groovy:68)
	at com.kms.katalon.core.keyword.internal.KeywordExecutor.executeKeywordForPlatform(KeywordExecutor.groovy:74)
	at com.kms.katalon.core.webui.keyword.WebUiBuiltInKeywords.verifyElementPresent(WebUiBuiltInKeywords.groovy:1464)
	at com.kms.katalon.core.webui.keyword.WebUiBuiltInKeywords$verifyElementPresent$1.call(Unknown Source)
	at commentVerify.run(commentVerify:50)
	at com.kms.katalon.core.main.ScriptEngine.run(ScriptEngine.java:194)
	at com.kms.katalon.core.main.ScriptEngine.runScriptAsRawText(ScriptEngine.java:119)
	at com.kms.katalon.core.main.TestCaseExecutor.runScript(TestCaseExecutor.java:430)
	at com.kms.katalon.core.main.TestCaseExecutor.doExecute(TestCaseExecutor.java:421)
	at com.kms.katalon.core.main.TestCaseExecutor.processExecutionPhase(TestCaseExecutor.java:400)
	at com.kms.katalon.core.main.TestCaseExecutor.accessMainPhase(TestCaseExecutor.java:392)
	at com.kms.katalon.core.main.TestCaseExecutor.execute(TestCaseExecutor.java:273)
	at com.kms.katalon.core.main.TestSuiteExecutor.accessTestCaseMainPhase(TestSuiteExecutor.java:202)
	at com.kms.katalon.core.main.TestSuiteExecutor.accessTestSuiteMainPhase(TestSuiteExecutor.java:164)
	at com.kms.katalon.core.main.TestSuiteExecutor.execute(TestSuiteExecutor.java:105)
	at com.kms.katalon.core.main.TestCaseMain.startTestSuite(TestCaseMain.java:185)
	at com.kms.katalon.core.main.TestCaseMain$startTestSuite$0.call(Unknown Source)
	at TempTestSuite1634149283858.run(TempTestSuite1634149283858.groovy:36)
Caused by: com.kms.katalon.core.exception.StepFailedException: com.kms.katalon.core.webui.exception.WebElementNotFoundException: Web element with id: 'Object Repository/Random Captures/Page_Chuj Boys of Summer on Vimeo/div_Open in app_vp-nudge-shade vp-nudge-shade-left vp-nudge-shade-invisible' located by '//div[@id='553596679']/div/div[4]' not found
	at com.kms.katalon.core.webui.keyword.internal.WebUIKeywordMain.stepFailed(WebUIKeywordMain.groovy:64)
	at com.kms.katalon.core.webui.keyword.builtin.VerifyElementPresentKeyword$_verifyElementPresent_closure1.doCall(VerifyElementPresentKeyword.groovy:85)
	at com.kms.katalon.core.webui.keyword.builtin.VerifyElementPresentKeyword$_verifyElementPresent_closure1.call(VerifyElementPresentKeyword.groovy)
	at com.kms.katalon.core.webui.keyword.internal.WebUIKeywordMain.runKeyword(WebUIKeywordMain.groovy:20)
	... 19 more]]></system-err>
      </testcase>
      <testcase name="Test Cases/LikesViews/LikeViews" time="11.552" classname="Test Cases/LikesViews/LikeViews" status="PASSED">
         <system-out><![CDATA[2021-10-13 21:22:07 - [TEST_CASE][PASSED] - Test Cases/LikesViews/LikeViews: Test Cases/LikesViews/LikeViews

2021-10-13 21:22:09 - [TEST_STEP][PASSED] - openBrowser(""): Browser is opened with url: ''

2021-10-13 21:22:09 - [MESSAGE][WARNING] - A browser is already opened. Closing browser and opening a new one

2021-10-13 21:22:09 - [MESSAGE][INFO] - Starting 'Chrome' driver

2021-10-13 21:22:09 - [MESSAGE][INFO] - Action delay is set to 0 milliseconds

2021-10-13 21:22:11 - [MESSAGE][PASSED] - Browser is opened with url: ''

2021-10-13 21:22:11 - [TEST_STEP][PASSED] - navigateToUrl("https://vimeo.com/" + video_id2): Navigate to 'https://vimeo.com/553596679' successfully

2021-10-13 21:22:13 - [MESSAGE][PASSED] - Navigate to 'https://vimeo.com/553596679' successfully

2021-10-13 21:22:13 - [TEST_STEP][PASSED] - focus(findTestObject("pageTitleObject/pageTitleCapture/div_Menu                                   _11ec99")): Object: 'Object Repository/pageTitleObject/pageTitleCapture/div_Menu                                   _11ec99' is focused

2021-10-13 21:22:15 - [MESSAGE][PASSED] - Object: 'Object Repository/pageTitleObject/pageTitleCapture/div_Menu                                   _11ec99' is focused

2021-10-13 21:22:15 - [TEST_STEP][PASSED] - verifyElementPresent(findTestObject("Random Captures/Page_Chuj Boys of Summer on Vimeo/span_Add a new comment"), 2): Object 'Object Repository/Random Captures/Page_Chuj Boys of Summer on Vimeo/span_Add a new comment' is present

2021-10-13 21:22:16 - [MESSAGE][PASSED] - Object 'Object Repository/Random Captures/Page_Chuj Boys of Summer on Vimeo/span_Add a new comment' is present

2021-10-13 21:22:16 - [TEST_STEP][PASSED] - likes = getText(findTestObject("Object Repository/objectLikesViews/Page_YONA on Vimeo/span_3,530")): Text of object 'Object Repository/objectLikesViews/Page_YONA on Vimeo/span_3,530' is: '294'

2021-10-13 21:22:16 - [MESSAGE][PASSED] - Text of object 'Object Repository/objectLikesViews/Page_YONA on Vimeo/span_3,530' is: '294'

2021-10-13 21:22:16 - [TEST_STEP][PASSED] - views = getText(findTestObject("Object Repository/objectLikesViews/Page_YONA on Vimeo/span_202K")): Text of object 'Object Repository/objectLikesViews/Page_YONA on Vimeo/span_202K' is: '40.2K'

2021-10-13 21:22:17 - [MESSAGE][PASSED] - Text of object 'Object Repository/objectLikesViews/Page_YONA on Vimeo/span_202K' is: '40.2K'

2021-10-13 21:22:17 - [TEST_STEP][PASSED] - likes_number = likes: null

2021-10-13 21:22:17 - [TEST_STEP][PASSED] - views_num = views: null

2021-10-13 21:22:17 - [TEST_STEP][PASSED] - verifyTextPresent(likes_number, false): Text '294' is present on page 

2021-10-13 21:22:17 - [MESSAGE][PASSED] - Text '294' is present on page 

2021-10-13 21:22:17 - [TEST_STEP][PASSED] - verifyTextPresent(views_num, false): Text '40.2K' is present on page 

2021-10-13 21:22:18 - [MESSAGE][PASSED] - Text '40.2K' is present on page 

2021-10-13 21:22:18 - [TEST_STEP][PASSED] - println(likes_number): null

2021-10-13 21:22:18 - [TEST_STEP][PASSED] - println(views_num): null

2021-10-13 21:22:18 - [TEST_STEP][PASSED] - closeBrowser(): Browser is closed

2021-10-13 21:22:19 - [MESSAGE][PASSED] - Browser is closed]]></system-out>
         <system-err><![CDATA[]]></system-err>
      </testcase>
      <system-out><![CDATA[2021-10-13 21:21:29 - [TEST_SUITE][FAILED] - VimeoQA: Test Cases/commentCheck/commentVerify FAILED.
Reason:
com.kms.katalon.core.exception.StepFailedException: Unable to verify object 'Object Repository/Random Captures/Page_Chuj Boys of Summer on Vimeo/div_Open in app_vp-nudge-shade vp-nudge-shade-left vp-nudge-shade-invisible' is present
	at com.kms.katalon.core.webui.keyword.internal.WebUIKeywordMain.stepFailed(WebUIKeywordMain.groovy:64)
	at com.kms.katalon.core.webui.keyword.internal.WebUIKeywordMain.runKeyword(WebUIKeywordMain.groovy:26)
	at com.kms.katalon.core.webui.keyword.builtin.VerifyElementPresentKeyword.verifyElementPresent(VerifyElementPresentKeyword.groovy:92)
	at com.kms.katalon.core.webui.keyword.builtin.VerifyElementPresentKeyword.execute(VerifyElementPresentKeyword.groovy:68)
	at com.kms.katalon.core.keyword.internal.KeywordExecutor.executeKeywordForPlatform(KeywordExecutor.groovy:74)
	at com.kms.katalon.core.webui.keyword.WebUiBuiltInKeywords.verifyElementPresent(WebUiBuiltInKeywords.groovy:1464)
	at com.kms.katalon.core.webui.keyword.WebUiBuiltInKeywords$verifyElementPresent$1.call(Unknown Source)
	at commentVerify.run(commentVerify:50)
	at com.kms.katalon.core.main.ScriptEngine.run(ScriptEngine.java:194)
	at com.kms.katalon.core.main.ScriptEngine.runScriptAsRawText(ScriptEngine.java:119)
	at com.kms.katalon.core.main.TestCaseExecutor.runScript(TestCaseExecutor.java:430)
	at com.kms.katalon.core.main.TestCaseExecutor.doExecute(TestCaseExecutor.java:421)
	at com.kms.katalon.core.main.TestCaseExecutor.processExecutionPhase(TestCaseExecutor.java:400)
	at com.kms.katalon.core.main.TestCaseExecutor.accessMainPhase(TestCaseExecutor.java:392)
	at com.kms.katalon.core.main.TestCaseExecutor.execute(TestCaseExecutor.java:273)
	at com.kms.katalon.core.main.TestSuiteExecutor.accessTestCaseMainPhase(TestSuiteExecutor.java:202)
	at com.kms.katalon.core.main.TestSuiteExecutor.accessTestSuiteMainPhase(TestSuiteExecutor.java:164)
	at com.kms.katalon.core.main.TestSuiteExecutor.execute(TestSuiteExecutor.java:105)
	at com.kms.katalon.core.main.TestCaseMain.startTestSuite(TestCaseMain.java:185)
	at com.kms.katalon.core.main.TestCaseMain$startTestSuite$0.call(Unknown Source)
	at TempTestSuite1634149283858.run(TempTestSuite1634149283858.groovy:36)
Caused by: com.kms.katalon.core.exception.StepFailedException: com.kms.katalon.core.webui.exception.WebElementNotFoundException: Web element with id: 'Object Repository/Random Captures/Page_Chuj Boys of Summer on Vimeo/div_Open in app_vp-nudge-shade vp-nudge-shade-left vp-nudge-shade-invisible' located by '//div[@id='553596679']/div/div[4]' not found
	at com.kms.katalon.core.webui.keyword.internal.WebUIKeywordMain.stepFailed(WebUIKeywordMain.groovy:64)
	at com.kms.katalon.core.webui.keyword.builtin.VerifyElementPresentKeyword$_verifyElementPresent_closure1.doCall(VerifyElementPresentKeyword.groovy:85)
	at com.kms.katalon.core.webui.keyword.builtin.VerifyElementPresentKeyword$_verifyElementPresent_closure1.call(VerifyElementPresentKeyword.groovy)
	at com.kms.katalon.core.webui.keyword.internal.WebUIKeywordMain.runKeyword(WebUIKeywordMain.groovy:20)
	... 19 more]]></system-out>
      <system-err><![CDATA[2021-10-13 21:21:29 - [TEST_SUITE][FAILED] - VimeoQA: Test Cases/commentCheck/commentVerify FAILED.
Reason:
com.kms.katalon.core.exception.StepFailedException: Unable to verify object 'Object Repository/Random Captures/Page_Chuj Boys of Summer on Vimeo/div_Open in app_vp-nudge-shade vp-nudge-shade-left vp-nudge-shade-invisible' is present
	at com.kms.katalon.core.webui.keyword.internal.WebUIKeywordMain.stepFailed(WebUIKeywordMain.groovy:64)
	at com.kms.katalon.core.webui.keyword.internal.WebUIKeywordMain.runKeyword(WebUIKeywordMain.groovy:26)
	at com.kms.katalon.core.webui.keyword.builtin.VerifyElementPresentKeyword.verifyElementPresent(VerifyElementPresentKeyword.groovy:92)
	at com.kms.katalon.core.webui.keyword.builtin.VerifyElementPresentKeyword.execute(VerifyElementPresentKeyword.groovy:68)
	at com.kms.katalon.core.keyword.internal.KeywordExecutor.executeKeywordForPlatform(KeywordExecutor.groovy:74)
	at com.kms.katalon.core.webui.keyword.WebUiBuiltInKeywords.verifyElementPresent(WebUiBuiltInKeywords.groovy:1464)
	at com.kms.katalon.core.webui.keyword.WebUiBuiltInKeywords$verifyElementPresent$1.call(Unknown Source)
	at commentVerify.run(commentVerify:50)
	at com.kms.katalon.core.main.ScriptEngine.run(ScriptEngine.java:194)
	at com.kms.katalon.core.main.ScriptEngine.runScriptAsRawText(ScriptEngine.java:119)
	at com.kms.katalon.core.main.TestCaseExecutor.runScript(TestCaseExecutor.java:430)
	at com.kms.katalon.core.main.TestCaseExecutor.doExecute(TestCaseExecutor.java:421)
	at com.kms.katalon.core.main.TestCaseExecutor.processExecutionPhase(TestCaseExecutor.java:400)
	at com.kms.katalon.core.main.TestCaseExecutor.accessMainPhase(TestCaseExecutor.java:392)
	at com.kms.katalon.core.main.TestCaseExecutor.execute(TestCaseExecutor.java:273)
	at com.kms.katalon.core.main.TestSuiteExecutor.accessTestCaseMainPhase(TestSuiteExecutor.java:202)
	at com.kms.katalon.core.main.TestSuiteExecutor.accessTestSuiteMainPhase(TestSuiteExecutor.java:164)
	at com.kms.katalon.core.main.TestSuiteExecutor.execute(TestSuiteExecutor.java:105)
	at com.kms.katalon.core.main.TestCaseMain.startTestSuite(TestCaseMain.java:185)
	at com.kms.katalon.core.main.TestCaseMain$startTestSuite$0.call(Unknown Source)
	at TempTestSuite1634149283858.run(TempTestSuite1634149283858.groovy:36)
Caused by: com.kms.katalon.core.exception.StepFailedException: com.kms.katalon.core.webui.exception.WebElementNotFoundException: Web element with id: 'Object Repository/Random Captures/Page_Chuj Boys of Summer on Vimeo/div_Open in app_vp-nudge-shade vp-nudge-shade-left vp-nudge-shade-invisible' located by '//div[@id='553596679']/div/div[4]' not found
	at com.kms.katalon.core.webui.keyword.internal.WebUIKeywordMain.stepFailed(WebUIKeywordMain.groovy:64)
	at com.kms.katalon.core.webui.keyword.builtin.VerifyElementPresentKeyword$_verifyElementPresent_closure1.doCall(VerifyElementPresentKeyword.groovy:85)
	at com.kms.katalon.core.webui.keyword.builtin.VerifyElementPresentKeyword$_verifyElementPresent_closure1.call(VerifyElementPresentKeyword.groovy)
	at com.kms.katalon.core.webui.keyword.internal.WebUIKeywordMain.runKeyword(WebUIKeywordMain.groovy:20)
	... 19 more]]></system-err>
   </testsuite>
</testsuites>
